Using pre-set license
Built from '2020.3/staging' branch; Version is '2020.3.8f1 (507919d4fff5) revision 5273881'; Using compiler version '192528614'; Build Type 'Release'
OS: 'Windows 10 Home; OS build 19042.985; Version 2009; 64bit' Language: 'ru' Physical Memory: 4001 MB
BatchMode: 1, IsHumanControllingUs: 0, StartBugReporterOnCrash: 0, Is64bit: 1, IsPro: 0

 COMMAND LINE ARGUMENTS:
C:\Program Files\Unity\Hub\Editor\2020.3.8f1\Editor\Unity.exe
-adb2
-batchMode
-noUpm
-name
AssetImportWorker20
-projectPath
C:/Users/alesy/Desktop/Lab14/Lab14
-logFile
Logs/AssetImportWorker20.log
-srvPort
49756
Successfully changed project path to: C:/Users/alesy/Desktop/Lab14/Lab14
C:/Users/alesy/Desktop/Lab14/Lab14
Using Asset Import Pipeline V2.
